build/app/intermediates/manifest_merge_blame_file/release/manifest-merger-blame-release-report.txt
1<?xml version="1.0" encoding="utf-8"?>
2<manifest xmlns:android="http://schemas.android.com/apk/res/android"
3    package="com.Samimi.Samimiapp"
4    android:versionCode="360"
5    android:versionName="3.6.0" >
6
7    <uses-sdk
8        android:minSdkVersion="20"
8-->src/main/AndroidManifest.xml
9        android:targetSdkVersion="32" />
9-->src/main/AndroidManifest.xml
10    <!--
11         io.flutter.app.FlutterApplication is an android.app.Application that
12         calls FlutterMain.startInitialization(this); in its onCreate method.
13         In most cases you can leave this as-is, but you if you want to provide
14         additional functionality it is fine to subclass or reimplement
15         FlutterApplication and put your custom class here.
16    -->
17    <uses-permission android:name="android.permission.INTERNET" />
17-->src/main/AndroidManifest.xml:9:5-67
17-->src/main/AndroidManifest.xml:9:22-64
18    <uses-permission android:name="android.permission.ACCESS_FINE_LOCATION" />
18-->src/main/AndroidManifest.xml:10:5-79
18-->src/main/AndroidManifest.xml:10:22-76
19    <uses-permission android:name="android.permission.ACCESS_COARSE_LOCATION" />
19-->src/main/AndroidManifest.xml:11:5-81
19-->src/main/AndroidManifest.xml:11:22-78
20    <!-- <uses-permission android:name="android.permission.REQUEST_INSTALL_PACKAGES" /> -->
21    <uses-permission android:name="android.permission.WRITE_EXTERNAL_STORAGE" />
21-->src/main/AndroidManifest.xml:16:5-81
21-->src/main/AndroidManifest.xml:16:22-78
22    <uses-permission android:name="android.permission.READ_EXTERNAL_STORAGE" />
22-->src/main/AndroidManifest.xml:17:5-80
22-->src/main/AndroidManifest.xml:17:22-77
23    <uses-permission android:name="android.permission.ACCESS_MEDIA_LOCATION" />
23-->src/main/AndroidManifest.xml:18:5-80
23-->src/main/AndroidManifest.xml:18:22-77
24
25    <queries>
25-->src/main/AndroidManifest.xml:175:5-188:15
26
27        <!-- If your app checks for SMS support -->
28        <intent>
28-->src/main/AndroidManifest.xml:177:9-180:18
29            <action android:name="android.intent.action.VIEW" />
29-->src/main/AndroidManifest.xml:178:13-65
29-->src/main/AndroidManifest.xml:178:21-62
30
31            <data android:scheme="sms" />
31-->src/main/AndroidManifest.xml:179:13-42
31-->src/main/AndroidManifest.xml:179:19-39
32        </intent>
33
34        <!-- If your app checks for call support -->
35
36        <intent>
36-->src/main/AndroidManifest.xml:184:9-187:18
37            <action android:name="android.intent.action.VIEW" />
37-->src/main/AndroidManifest.xml:178:13-65
37-->src/main/AndroidManifest.xml:178:21-62
38
39            <data android:scheme="tel" />
39-->src/main/AndroidManifest.xml:179:13-42
39-->src/main/AndroidManifest.xml:179:19-39
40        </intent>
41        <intent>
41-->[:flutter_downloader] AndroidManifest.xml:9:9-11:18
42            <action android:name="android.intent.action.VIEW" />
42-->src/main/AndroidManifest.xml:178:13-65
42-->src/main/AndroidManifest.xml:178:21-62
43        </intent>
44        <intent>
44-->[:twitter_login] AndroidManifest.xml:8:9-10:18
45            <action android:name="android.support.customtabs.action.CustomTabsService" />
45-->[:twitter_login] AndroidManifest.xml:9:13-90
45-->[:twitter_login] AndroidManifest.xml:9:21-87
46        </intent> <!-- Needs to be explicitly declared on Android R+ -->
47        <package android:name="com.google.android.apps.maps" />
47-->[com.google.android.gms:play-services-maps:18.0.2] AndroidManifest.xml:33:9-64
47-->[com.google.android.gms:play-services-maps:18.0.2] AndroidManifest.xml:33:18-61
48    </queries>
49
50    <uses-permission android:name="android.permission.WAKE_LOCK" />
50-->[:firebase_messaging] AndroidManifest.xml:8:5-68
50-->[:firebase_messaging] AndroidManifest.xml:8:22-65
51    <uses-permission android:name="android.permission.ACCESS_NETWORK_STATE" />
51-->[:firebase_messaging] AndroidManifest.xml:9:5-79
51-->[:firebase_messaging] AndroidManifest.xml:9:22-76
52    <uses-permission android:name="android.permission.FOREGROUND_SERVICE" />
52-->[:geolocator_android] AndroidManifest.xml:7:5-77
52-->[:geolocator_android] AndroidManifest.xml:7:22-74
53    <uses-permission android:name="android.permission.RECEIVE_BOOT_COMPLETED" />
53-->[:flutter_local_notifications] AndroidManifest.xml:7:5-81
53-->[:flutter_local_notifications] AndroidManifest.xml:7:22-78
54    <uses-permission android:name="android.permission.VIBRATE" />
54-->[:flutter_local_notifications] AndroidManifest.xml:8:5-66
54-->[:flutter_local_notifications] AndroidManifest.xml:8:22-63
55    <uses-permission android:name="android.permission.USE_FULL_SCREEN_INTENT" />
55-->[:flutter_local_notifications] AndroidManifest.xml:9:5-81
55-->[:flutter_local_notifications] AndroidManifest.xml:9:22-78
56    <uses-permission android:name="android.permission.SCHEDULE_EXACT_ALARM" />
56-->[:flutter_local_notifications] AndroidManifest.xml:10:5-79
56-->[:flutter_local_notifications] AndroidManifest.xml:10:22-76
57
58    <meta-data
58-->src/main/AndroidManifest.xml:106:9-108:33
59        android:name="flutterEmbedding"
59-->src/main/AndroidManifest.xml:107:13-44
60        android:value="2" />
60-->src/main/AndroidManifest.xml:108:13-30
61
62    <uses-permission android:name="android.permission.POST_NOTIFICATIONS" /> <!-- Required by older versions of Google Play services to create IID tokens -->
62-->[com.google.firebase:firebase-messaging:23.0.6] AndroidManifest.xml:26:5-77
62-->[com.google.firebase:firebase-messaging:23.0.6] AndroidManifest.xml:26:22-74
63    <uses-permission android:name="com.google.android.c2dm.permission.RECEIVE" />
63-->[com.google.firebase:firebase-messaging:23.0.6] AndroidManifest.xml:29:5-82
63-->[com.google.firebase:firebase-messaging:23.0.6] AndroidManifest.xml:29:22-79
64    <uses-permission android:name="com.google.android.gms.permission.AD_ID" />
64-->[com.google.android.gms:play-services-measurement-api:21.1.0] AndroidManifest.xml:25:5-79
64-->[com.google.android.gms:play-services-measurement-api:21.1.0] AndroidManifest.xml:25:22-76
65
66    <uses-feature
66-->[com.google.android.gms:play-services-maps:18.0.2] AndroidManifest.xml:26:5-28:35
67        android:glEsVersion="0x00020000"
67-->[com.google.android.gms:play-services-maps:18.0.2] AndroidManifest.xml:27:9-41
68        android:required="true" />
68-->[com.google.android.gms:play-services-maps:18.0.2] AndroidManifest.xml:28:9-32
69
70    <uses-permission android:name="com.google.android.finsky.permission.BIND_GET_INSTALL_REFERRER_SERVICE" />
70-->[com.google.android.gms:play-services-measurement:21.1.0] AndroidManifest.xml:26:5-110
70-->[com.google.android.gms:play-services-measurement:21.1.0] AndroidManifest.xml:26:22-107
71
72    <application
73        android:name="android.app.Application"
73-->src/main/AndroidManifest.xml:24:9-42
74        android:appComponentFactory="androidx.core.app.CoreComponentFactory"
74-->[androidx.core:core:1.8.0] AndroidManifest.xml:24:18-86
75        android:icon="@mipmap/ic_launcher"
75-->src/main/AndroidManifest.xml:27:9-43
76        android:label="Active Ecommerce Flutter App"
76-->src/main/AndroidManifest.xml:25:9-53
77        android:networkSecurityConfig="@xml/network_security_config"
77-->src/main/AndroidManifest.xml:22:9-69
78        android:requestLegacyExternalStorage="true"
78-->src/main/AndroidManifest.xml:26:9-52
79        android:supportsRtl="true"
79-->[com.facebook.android:facebook-login:13.2.0] AndroidManifest.xml:28:18-44
80        android:usesCleartextTraffic="true" >
80-->src/main/AndroidManifest.xml:23:9-44
81        <provider
82            android:name="vn.hunghd.flutterdownloader.DownloadedFileProvider"
82-->src/main/AndroidManifest.xml:30:13-78
83            android:authorities="com.Samimi.Samimiapp.flutter_downloader.provider"
83-->src/main/AndroidManifest.xml:31:13-79
84            android:exported="false"
84-->src/main/AndroidManifest.xml:32:13-37
85            android:grantUriPermissions="true" >
85-->src/main/AndroidManifest.xml:33:13-47
86            <meta-data
86-->src/main/AndroidManifest.xml:34:13-36:58
87                android:name="android.support.FILE_PROVIDER_PATHS"
87-->src/main/AndroidManifest.xml:35:17-67
88                android:resource="@xml/provider_paths" />
88-->src/main/AndroidManifest.xml:36:17-55
89        </provider>
90        <!-- disable default Initializer -->
91        <provider
92            android:name="androidx.startup.InitializationProvider"
92-->src/main/AndroidManifest.xml:40:13-67
93            android:authorities="com.Samimi.Samimiapp.androidx-startup"
93-->src/main/AndroidManifest.xml:41:13-68
94            android:exported="false" >
94-->src/main/AndroidManifest.xml:42:13-37
95        </provider>
96
97        <!-- declare customized Initializer -->
98        <provider
99            android:name="vn.hunghd.flutterdownloader.FlutterDownloaderInitializer"
99-->src/main/AndroidManifest.xml:52:13-84
100            android:authorities="com.Samimi.Samimiapp.flutter-downloader-init"
100-->src/main/AndroidManifest.xml:53:13-75
101            android:exported="false" >
101-->src/main/AndroidManifest.xml:54:13-37
102
103            <!-- changes this number to configure the maximum number of concurrent tasks -->
104            <meta-data
104-->src/main/AndroidManifest.xml:56:13-58:37
105                android:name="vn.hunghd.flutterdownloader.MAX_CONCURRENT_TASKS"
105-->src/main/AndroidManifest.xml:57:17-80
106                android:value="5" />
106-->src/main/AndroidManifest.xml:58:17-34
107        </provider>
108        <!-- End FlutterDownloader customization -->
109
110        <activity
110-->src/main/AndroidManifest.xml:62:9-103:20
111            android:name="com.example.active_ecommerce_flutter.MainActivity"
111-->src/main/AndroidManifest.xml:63:13-41
112            android:configChanges="orientation|keyboardHidden|keyboard|screenSize|smallestScreenSize|locale|layoutDirection|fontScale|screenLayout|density|uiMode"
112-->src/main/AndroidManifest.xml:67:13-163
113            android:exported="true"
113-->src/main/AndroidManifest.xml:64:13-36
114            android:hardwareAccelerated="true"
114-->src/main/AndroidManifest.xml:68:13-47
115            android:launchMode="singleTop"
115-->src/main/AndroidManifest.xml:65:13-43
116            android:theme="@style/LaunchTheme"
116-->src/main/AndroidManifest.xml:66:13-47
117            android:windowSoftInputMode="adjustResize" >
117-->src/main/AndroidManifest.xml:69:13-55
118
119            <!--
120                 Specifies an Android theme to apply to this Activity as soon as
121                 the Android process has started. This theme is visible to the user
122                 while the Flutter UI initializes. After that, this theme continues
123                 to determine the Window background behind the Flutter UI.
124            -->
125            <meta-data
125-->src/main/AndroidManifest.xml:74:13-76:57
126                android:name="io.flutter.embedding.android.NormalTheme"
126-->src/main/AndroidManifest.xml:75:17-72
127                android:resource="@style/NormalTheme" />
127-->src/main/AndroidManifest.xml:76:17-54
128            <!--
129                 Displays an Android View that continues showing the launch screen
130                 Drawable until Flutter paints its first frame, then this splash
131                 screen fades out. A splash screen is useful to avoid any visual
132                 gap between the end of Android's launch screen and the painting of
133                 Flutter's first frame.
134            -->
135            <meta-data
135-->src/main/AndroidManifest.xml:82:13-84:66
136                android:name="io.flutter.embedding.android.SplashScreenDrawable"
136-->src/main/AndroidManifest.xml:83:17-81
137                android:resource="@drawable/launch_background" />
137-->src/main/AndroidManifest.xml:84:17-63
138
139            <intent-filter>
139-->src/main/AndroidManifest.xml:86:13-89:29
140                <action android:name="android.intent.action.MAIN" />
140-->src/main/AndroidManifest.xml:87:17-69
140-->src/main/AndroidManifest.xml:87:25-66
141
142                <category android:name="android.intent.category.LAUNCHER" />
142-->src/main/AndroidManifest.xml:88:17-77
142-->src/main/AndroidManifest.xml:88:27-74
143            </intent-filter>
144            <intent-filter>
144-->src/main/AndroidManifest.xml:90:13-93:29
145                <action android:name="FLUTTER_NOTIFICATION_CLICK" />
145-->src/main/AndroidManifest.xml:91:17-69
145-->src/main/AndroidManifest.xml:91:25-66
146
147                <category android:name="android.intent.category.DEFAULT" />
147-->src/main/AndroidManifest.xml:92:17-76
147-->src/main/AndroidManifest.xml:92:27-73
148            </intent-filter>
149            <intent-filter>
149-->src/main/AndroidManifest.xml:94:13-102:29
150                <action android:name="android.intent.action.VIEW" />
150-->src/main/AndroidManifest.xml:178:13-65
150-->src/main/AndroidManifest.xml:178:21-62
151
152                <category android:name="android.intent.category.DEFAULT" />
152-->src/main/AndroidManifest.xml:92:17-76
152-->src/main/AndroidManifest.xml:92:27-73
153                <category android:name="android.intent.category.BROWSABLE" />
153-->src/main/AndroidManifest.xml:98:17-78
153-->src/main/AndroidManifest.xml:98:27-75
154                <!-- Accepts URIs that begin with "example://gizmos” -->
155                <!-- Registered Callback URLs in TwitterApp -->
156                <data android:scheme="activeecommerceflutterapp" /> <!-- host is option -->
156-->src/main/AndroidManifest.xml:179:13-42
156-->src/main/AndroidManifest.xml:179:19-39
157            </intent-filter>
158        </activity>
159        <!--
160             Don't delete the meta-data below.
161             This is used by the Flutter tool to generate GeneratedPluginRegistrant.java
162        -->
163        <meta-data
163-->src/main/AndroidManifest.xml:106:9-108:33
164            android:name="flutterEmbedding"
164-->src/main/AndroidManifest.xml:107:13-44
165            android:value="2" />
165-->src/main/AndroidManifest.xml:108:13-30
166        <meta-data
166-->src/main/AndroidManifest.xml:110:9-112:32
167            android:name="com.google.android.geo.API_KEY"
167-->src/main/AndroidManifest.xml:111:13-58
168            android:value="" />
168-->src/main/AndroidManifest.xml:112:13-29
169
170        <!-- Facebook Login configuration -->
171        <meta-data
171-->src/main/AndroidManifest.xml:115:9-117:55
172            android:name="com.facebook.sdk.ApplicationId"
172-->src/main/AndroidManifest.xml:116:13-58
173            android:value="@string/facebook_app_id" />
173-->src/main/AndroidManifest.xml:117:13-52
174        <meta-data
174-->src/main/AndroidManifest.xml:119:9-121:61
175            android:name="com.facebook.sdk.ClientToken"
175-->src/main/AndroidManifest.xml:120:13-56
176            android:value="@string/facebook_client_token" />
176-->src/main/AndroidManifest.xml:121:13-58
177
178        <activity
178-->src/main/AndroidManifest.xml:123:9-127:39
179            android:name="com.facebook.FacebookActivity"
179-->src/main/AndroidManifest.xml:124:13-57
180            android:configChanges="keyboard|keyboardHidden|screenLayout|screenSize|orientation"
180-->src/main/AndroidManifest.xml:125:13-96
181            android:exported="true"
181-->src/main/AndroidManifest.xml:127:13-36
182            android:label="@string/app_name"
182-->src/main/AndroidManifest.xml:126:13-45
183            android:theme="@style/com_facebook_activity_theme" />
183-->[com.facebook.android:facebook-common:13.2.0] AndroidManifest.xml:33:13-63
184
185        <!-- Set up the Sign in with Apple activity, such that it's callable from the browser-redirect -->
186        <activity
186-->src/main/AndroidManifest.xml:130:9-142:20
187            android:name="com.aboutyou.dart_packages.sign_in_with_apple.SignInWithAppleCallback"
187-->src/main/AndroidManifest.xml:131:13-97
188            android:exported="true" >
188-->src/main/AndroidManifest.xml:132:13-36
189            <intent-filter>
189-->src/main/AndroidManifest.xml:133:13-141:29
190                <action android:name="android.intent.action.VIEW" />
190-->src/main/AndroidManifest.xml:178:13-65
190-->src/main/AndroidManifest.xml:178:21-62
191
192                <category android:name="android.intent.category.DEFAULT" />
192-->src/main/AndroidManifest.xml:92:17-76
192-->src/main/AndroidManifest.xml:92:27-73
193                <category android:name="android.intent.category.BROWSABLE" />
193-->src/main/AndroidManifest.xml:98:17-78
193-->src/main/AndroidManifest.xml:98:27-75
194
195                <data android:scheme="signinwithapple" />
195-->src/main/AndroidManifest.xml:179:13-42
195-->src/main/AndroidManifest.xml:179:19-39
196                <data android:path="callback" />
196-->src/main/AndroidManifest.xml:179:13-42
196-->src/main/AndroidManifest.xml:140:23-46
197            </intent-filter>
198        </activity>
199        <activity
199-->src/main/AndroidManifest.xml:144:9-155:20
200            android:name="com.facebook.CustomTabActivity"
200-->src/main/AndroidManifest.xml:145:13-58
201            android:exported="true" >
201-->src/main/AndroidManifest.xml:146:13-36
202            <intent-filter>
202-->src/main/AndroidManifest.xml:147:13-154:29
203                <action android:name="android.intent.action.VIEW" />
203-->src/main/AndroidManifest.xml:178:13-65
203-->src/main/AndroidManifest.xml:178:21-62
204
205                <category android:name="android.intent.category.DEFAULT" />
205-->src/main/AndroidManifest.xml:92:17-76
205-->src/main/AndroidManifest.xml:92:27-73
206                <category android:name="android.intent.category.BROWSABLE" />
206-->src/main/AndroidManifest.xml:98:17-78
206-->src/main/AndroidManifest.xml:98:27-75
207
208                <data android:scheme="@string/fb_login_protocol_scheme" />
208-->src/main/AndroidManifest.xml:179:13-42
208-->src/main/AndroidManifest.xml:179:19-39
209            </intent-filter>
210            <intent-filter>
210-->[com.facebook.android:facebook-common:13.2.0] AndroidManifest.xml:39:13-48:29
211                <action android:name="android.intent.action.VIEW" />
211-->src/main/AndroidManifest.xml:178:13-65
211-->src/main/AndroidManifest.xml:178:21-62
212
213                <category android:name="android.intent.category.DEFAULT" />
213-->src/main/AndroidManifest.xml:92:17-76
213-->src/main/AndroidManifest.xml:92:27-73
214                <category android:name="android.intent.category.BROWSABLE" />
214-->src/main/AndroidManifest.xml:98:17-78
214-->src/main/AndroidManifest.xml:98:27-75
215
216                <data
216-->src/main/AndroidManifest.xml:179:13-42
217                    android:host="cct.com.Samimi.Samimiapp"
218                    android:scheme="fbconnect" />
218-->src/main/AndroidManifest.xml:179:19-39
219            </intent-filter>
220        </activity>
221
222        <provider
223            android:name="androidx.core.content.FileProvider"
223-->src/main/AndroidManifest.xml:158:13-62
224            android:authorities="com.Samimi.Samimiapp.com.shekarmudaliyar.social_share"
224-->src/main/AndroidManifest.xml:159:13-84
225            android:exported="false"
225-->src/main/AndroidManifest.xml:160:13-37
226            android:grantUriPermissions="true" >
226-->src/main/AndroidManifest.xml:161:13-47
227            <meta-data
227-->src/main/AndroidManifest.xml:34:13-36:58
228                android:name="android.support.FILE_PROVIDER_PATHS"
228-->src/main/AndroidManifest.xml:35:17-67
229                android:resource="@xml/filepaths" />
229-->src/main/AndroidManifest.xml:36:17-55
230        </provider>
231
232        <meta-data
232-->src/main/AndroidManifest.xml:168:9-170:55
233            android:name="com.google.firebase.messaging.default_notification_channel_id"
233-->src/main/AndroidManifest.xml:169:13-89
234            android:value="high_importance_channel" />
234-->src/main/AndroidManifest.xml:170:13-52
235
236        <service
236-->[:firebase_messaging] AndroidManifest.xml:12:9-15:72
237            android:name="io.flutter.plugins.firebase.messaging.FlutterFirebaseMessagingBackgroundService"
237-->[:firebase_messaging] AndroidManifest.xml:13:13-107
238            android:exported="false"
238-->[:firebase_messaging] AndroidManifest.xml:14:13-37
239            android:permission="android.permission.BIND_JOB_SERVICE" />
239-->[:firebase_messaging] AndroidManifest.xml:15:13-69
240        <service
240-->[:firebase_messaging] AndroidManifest.xml:16:9-22:19
241            android:name="io.flutter.plugins.firebase.messaging.FlutterFirebaseMessagingService"
241-->[:firebase_messaging] AndroidManifest.xml:17:13-97
242            android:exported="false" >
242-->[:firebase_messaging] AndroidManifest.xml:18:13-37
243            <intent-filter>
243-->[:firebase_messaging] AndroidManifest.xml:19:13-21:29
244                <action android:name="com.google.firebase.MESSAGING_EVENT" />
244-->[:firebase_messaging] AndroidManifest.xml:20:17-78
244-->[:firebase_messaging] AndroidManifest.xml:20:25-75
245            </intent-filter>
246        </service>
247
248        <receiver
248-->[:firebase_messaging] AndroidManifest.xml:24:9-31:20
249            android:name="io.flutter.plugins.firebase.messaging.FlutterFirebaseMessagingReceiver"
249-->[:firebase_messaging] AndroidManifest.xml:25:13-98
250            android:exported="true"
250-->[:firebase_messaging] AndroidManifest.xml:26:13-36
251            android:permission="com.google.android.c2dm.permission.SEND" >
251-->[:firebase_messaging] AndroidManifest.xml:27:13-73
252            <intent-filter>
252-->[:firebase_messaging] AndroidManifest.xml:28:13-30:29
253                <action android:name="com.google.android.c2dm.intent.RECEIVE" />
253-->[:firebase_messaging] AndroidManifest.xml:29:17-81
253-->[:firebase_messaging] AndroidManifest.xml:29:25-78
254            </intent-filter>
255        </receiver>
256
257        <service
257-->[:firebase_messaging] AndroidManifest.xml:33:9-37:19
258            android:name="com.google.firebase.components.ComponentDiscoveryService"
258-->[:firebase_messaging] AndroidManifest.xml:33:18-89
259            android:directBootAware="true"
259-->[com.google.firebase:firebase-common:20.1.1] AndroidManifest.xml:35:13-43
260            android:exported="false" >
260-->[com.google.firebase:firebase-analytics-ktx:21.1.0] AndroidManifest.xml:10:13-37
261            <meta-data
261-->[:firebase_messaging] AndroidManifest.xml:34:13-36:85
262                android:name="com.google.firebase.components:io.flutter.plugins.firebase.messaging.FlutterFirebaseAppRegistrar"
262-->[:firebase_messaging] AndroidManifest.xml:35:17-128
263                android:value="com.google.firebase.components.ComponentRegistrar" />
263-->[:firebase_messaging] AndroidManifest.xml:36:17-82
264            <meta-data
264-->[:firebase_core] AndroidManifest.xml:9:13-11:85
265                android:name="com.google.firebase.components:io.flutter.plugins.firebase.core.FlutterFirebaseCoreRegistrar"
265-->[:firebase_core] AndroidManifest.xml:10:17-124
266                android:value="com.google.firebase.components.ComponentRegistrar" />
266-->[:firebase_core] AndroidManifest.xml:11:17-82
267            <meta-data
267-->[com.google.firebase:firebase-analytics-ktx:21.1.0] AndroidManifest.xml:11:13-13:85
268                android:name="com.google.firebase.components:com.google.firebase.analytics.ktx.FirebaseAnalyticsKtxRegistrar"
268-->[com.google.firebase:firebase-analytics-ktx:21.1.0] AndroidManifest.xml:12:17-126
269                android:value="com.google.firebase.components.ComponentRegistrar" />
269-->[com.google.firebase:firebase-analytics-ktx:21.1.0] AndroidManifest.xml:13:17-82
270            <meta-data
270-->[com.google.firebase:firebase-firestore-ktx:24.2.1] AndroidManifest.xml:15:13-17:85
271                android:name="com.google.firebase.components:com.google.firebase.firestore.ktx.FirebaseFirestoreKtxRegistrar"
271-->[com.google.firebase:firebase-firestore-ktx:24.2.1] AndroidManifest.xml:16:17-126
272                android:value="com.google.firebase.components.ComponentRegistrar" />
272-->[com.google.firebase:firebase-firestore-ktx:24.2.1] AndroidManifest.xml:17:17-82
273            <meta-data
273-->[com.google.firebase:firebase-auth-ktx:21.0.6] AndroidManifest.xml:11:13-13:85
274                android:name="com.google.firebase.components:com.google.firebase.auth.ktx.FirebaseAuthKtxRegistrar"
274-->[com.google.firebase:firebase-auth-ktx:21.0.6] AndroidManifest.xml:12:17-116
275                android:value="com.google.firebase.components.ComponentRegistrar" />
275-->[com.google.firebase:firebase-auth-ktx:21.0.6] AndroidManifest.xml:13:17-82
276            <meta-data
276-->[com.google.firebase:firebase-common-ktx:20.1.1] AndroidManifest.xml:15:13-17:85
277                android:name="com.google.firebase.components:com.google.firebase.ktx.FirebaseCommonKtxRegistrar"
277-->[com.google.firebase:firebase-common-ktx:20.1.1] AndroidManifest.xml:16:17-113
278                android:value="com.google.firebase.components.ComponentRegistrar" />
278-->[com.google.firebase:firebase-common-ktx:20.1.1] AndroidManifest.xml:17:17-82
279            <meta-data
279-->[com.google.firebase:firebase-messaging:23.0.6] AndroidManifest.xml:56:13-58:85
280                android:name="com.google.firebase.components:com.google.firebase.messaging.FirebaseMessagingRegistrar"
280-->[com.google.firebase:firebase-messaging:23.0.6] AndroidManifest.xml:57:17-119
281                android:value="com.google.firebase.components.ComponentRegistrar" />
281-->[com.google.firebase:firebase-messaging:23.0.6] AndroidManifest.xml:58:17-82
282            <meta-data
282-->[com.google.firebase:firebase-auth:21.0.6] AndroidManifest.xml:67:13-69:85
283                android:name="com.google.firebase.components:com.google.firebase.auth.FirebaseAuthRegistrar"
283-->[com.google.firebase:firebase-auth:21.0.6] AndroidManifest.xml:68:17-109
284                android:value="com.google.firebase.components.ComponentRegistrar" />
284-->[com.google.firebase:firebase-auth:21.0.6] AndroidManifest.xml:69:17-82
285            <meta-data
285-->[com.google.firebase:firebase-iid:21.1.0] AndroidManifest.xml:32:13-34:85
286                android:name="com.google.firebase.components:com.google.firebase.iid.Registrar"
286-->[com.google.firebase:firebase-iid:21.1.0] AndroidManifest.xml:33:17-96
287                android:value="com.google.firebase.components.ComponentRegistrar" />
287-->[com.google.firebase:firebase-iid:21.1.0] AndroidManifest.xml:34:17-82
288            <meta-data
288-->[com.google.firebase:firebase-datatransport:18.1.5] AndroidManifest.xml:28:13-30:85
289                android:name="com.google.firebase.components:com.google.firebase.datatransport.TransportRegistrar"
289-->[com.google.firebase:firebase-datatransport:18.1.5] AndroidManifest.xml:29:17-115
290                android:value="com.google.firebase.components.ComponentRegistrar" />
290-->[com.google.firebase:firebase-datatransport:18.1.5] AndroidManifest.xml:30:17-82
291            <meta-data
291-->[com.google.firebase:firebase-firestore:24.2.1] AndroidManifest.xml:20:13-22:85
292                android:name="com.google.firebase.components:com.google.firebase.firestore.FirestoreRegistrar"
292-->[com.google.firebase:firebase-firestore:24.2.1] AndroidManifest.xml:21:17-111
293                android:value="com.google.firebase.components.ComponentRegistrar" />
293-->[com.google.firebase:firebase-firestore:24.2.1] AndroidManifest.xml:22:17-82
294            <meta-data
294-->[com.google.android.gms:play-services-measurement-api:21.1.0] AndroidManifest.xml:31:13-33:85
295                android:name="com.google.firebase.components:com.google.firebase.analytics.connector.internal.AnalyticsConnectorRegistrar"
295-->[com.google.android.gms:play-services-measurement-api:21.1.0] AndroidManifest.xml:32:17-139
296                android:value="com.google.firebase.components.ComponentRegistrar" />
296-->[com.google.android.gms:play-services-measurement-api:21.1.0] AndroidManifest.xml:33:17-82
297            <meta-data
297-->[com.google.firebase:firebase-installations:17.0.1] AndroidManifest.xml:18:13-20:85
298                android:name="com.google.firebase.components:com.google.firebase.installations.FirebaseInstallationsRegistrar"
298-->[com.google.firebase:firebase-installations:17.0.1] AndroidManifest.xml:19:17-127
299                android:value="com.google.firebase.components.ComponentRegistrar" />
299-->[com.google.firebase:firebase-installations:17.0.1] AndroidManifest.xml:20:17-82
300        </service>
301
302        <provider
302-->[:firebase_messaging] AndroidManifest.xml:39:9-43:38
303            android:name="io.flutter.plugins.firebase.messaging.FlutterFirebaseMessagingInitProvider"
303-->[:firebase_messaging] AndroidManifest.xml:40:13-102
304            android:authorities="com.Samimi.Samimiapp.flutterfirebasemessaginginitprovider"
304-->[:firebase_messaging] AndroidManifest.xml:41:13-88
305            android:exported="false"
305-->[:firebase_messaging] AndroidManifest.xml:42:13-37
306            android:initOrder="99" />
306-->[:firebase_messaging] AndroidManifest.xml:43:13-35
307
308        <service
308-->[:geolocator_android] AndroidManifest.xml:10:9-14:56
309            android:name="com.baseflow.geolocator.GeolocatorLocationService"
309-->[:geolocator_android] AndroidManifest.xml:11:13-77
310            android:enabled="true"
310-->[:geolocator_android] AndroidManifest.xml:12:13-35
311            android:exported="false"
311-->[:geolocator_android] AndroidManifest.xml:13:13-37
312            android:foregroundServiceType="location" />
312-->[:geolocator_android] AndroidManifest.xml:14:13-53
313
314        <receiver